\BOOKMARK [1][-]{section.1}{Introduction}{}% 1
\BOOKMARK [2][-]{subsection.1.1}{The GCPS Mechanism}{section.1}% 2
\BOOKMARK [2][-]{subsection.1.2}{The MCC Mechanism}{section.1}% 3
\BOOKMARK [2][-]{subsection.1.3}{Enhanced MCC Mechanisms}{section.1}% 4
\BOOKMARK [2][-]{subsection.1.4}{Generating a Random Deterministic Assignment}{section.1}% 5
\BOOKMARK [2][-]{subsection.1.5}{The Main Competitor: Deferred Acceptance}{section.1}% 6
\BOOKMARK [1][-]{section.2}{For the User}{}% 7
\BOOKMARK [2][-]{subsection.2.1}{Downloading and Setting Up}{section.2}% 8
\BOOKMARK [2][-]{subsection.2.2}{makex}{section.2}% 9
\BOOKMARK [2][-]{subsection.2.3}{gcps, lpgcps, mcc, and emcc}{section.2}% 10
\BOOKMARK [2][-]{subsection.2.4}{purify}{section.2}% 11
\BOOKMARK [2][-]{subsection.2.5}{script.sh}{section.2}% 12
\BOOKMARK [1][-]{appendix.A}{About the Code}{}% 13
\BOOKMARK [1][-]{appendix.B}{Supporting Code}{}% 14
\BOOKMARK [2][-]{subsection.B.1}{normal.c}{appendix.B}% 15
\BOOKMARK [2][-]{subsection.B.2}{subset.c}{appendix.B}% 16
\BOOKMARK [2][-]{subsection.B.3}{schchprob.c}{appendix.B}% 17
\BOOKMARK [2][-]{subsection.B.4}{partalloc.h and partalloc.c}{appendix.B}% 18
\BOOKMARK [2][-]{subsection.B.5}{parser.c}{appendix.B}% 19
\BOOKMARK [2][-]{subsection.B.6}{linprog.h and linprog.c}{appendix.B}% 20
\BOOKMARK [2][-]{subsection.B.7}{pushrelabel.h and pushrelabel.c}{appendix.B}% 21
\BOOKMARK [1][-]{appendix.C}{The Executables}{}% 22
\BOOKMARK [2][-]{subsection.C.1}{makex.c, makexcode.h, and makexcode.c}{appendix.C}% 23
\BOOKMARK [2][-]{subsection.C.2}{purify.c, purifycode.h, and purifycode.c}{appendix.C}% 24
\BOOKMARK [2][-]{subsection.C.3}{mcc.c, mcccode.h, and mcccode.c}{appendix.C}% 25
\BOOKMARK [2][-]{subsection.C.4}{emcc.c and emcccode.c}{appendix.C}% 26
\BOOKMARK [1][-]{appendix.D}{Computing the GCPS Allocation}{}% 27
\BOOKMARK [2][-]{subsection.D.1}{Theoretical Background}{appendix.D}% 28
\BOOKMARK [2][-]{subsection.D.2}{lpgcps.c, lpgcpscode.h, and lpgcpscode.c}{appendix.D}% 29
\BOOKMARK [2][-]{subsection.D.3}{gcps.c, gcpscode.h, and gcpscode.c}{appendix.D}% 30
\BOOKMARK [2][-]{subsection.D.4}{pivot.h and pivot.c}{appendix.D}% 31
\BOOKMARK [2][-]{subsection.D.5}{critpair.h and critpair.c}{appendix.D}% 32
